<?xml version="1.0" encoding="utf-8"?><testsuites name="pytest tests"><testsuite name="pytest" errors="0" failures="0" skipped="0" tests="14" time="3.872" timestamp="2026-04-21T19:57:25.730858+00:00" hostname="agent-env-dc4c766e-0e2c-4652-813c-81e920a7a549"><testcase classname="tests.test_new_features.TestParseUpload" name="test_requires_auth" time="0.191" /><testcase classname="tests.test_new_features.TestParseUpload" name="test_no_file_returns_422" time="0.560" /><testcase classname="tests.test_new_features.TestParseUpload" name="test_wrong_type_returns_400" time="0.120" /><testcase classname="tests.test_new_features.TestParseUpload" name="test_parse_pdf_success" time="0.173" /><testcase classname="tests.test_new_features.TestParseUpload" name="test_parse_docx_success" time="0.192" /><testcase classname="tests.test_new_features.TestParseUpload" name="test_corrupt_pdf_handled" time="0.161" /><testcase classname="tests.test_new_features.TestParseUpload" name="test_empty_file_handled" time="0.152" /><testcase classname="tests.test_new_features.TestSelfCheck" name="test_full_resume_high_score" time="1.053" /><testcase classname="tests.test_new_features.TestSelfCheck" name="test_empty_resume_low_score" time="0.258" /><testcase classname="tests.test_new_features.TestSelfCheck" name="test_self_check_resume_not_found" time="0.123" /><testcase classname="tests.test_new_features.TestExportTxt" name="test_txt_export" time="0.245" /><testcase classname="tests.test_new_features.TestExportTxt" name="test_txt_export_requires_auth" time="0.253" /><testcase classname="tests.test_new_features.TestExportTxt" name="test_txt_export_404" time="0.111" /><testcase classname="tests.test_new_features.TestPublicSettings" name="test_settings_public" time="0.108" /></testsuite></testsuites>