<?xml version="1.0" encoding="utf-8"?><testsuites name="pytest tests"><testsuite name="pytest" errors="0" failures="0" skipped="0" tests="50" time="12.367" timestamp="2026-04-21T19:57:35.340051+00:00" hostname="agent-env-dc4c766e-0e2c-4652-813c-81e920a7a549"><testcase classname="tests.test_backend.TestAuth" name="test_register_jobseeker" time="0.735" /><testcase classname="tests.test_backend.TestAuth" name="test_register_employer" time="0.342" /><testcase classname="tests.test_backend.TestAuth" name="test_register_duplicate_fails" time="0.449" /><testcase classname="tests.test_backend.TestAuth" name="test_register_invalid_role" time="0.122" /><testcase classname="tests.test_backend.TestAuth" name="test_login_admin" time="0.111" /><testcase classname="tests.test_backend.TestAuth" name="test_login_bad_password" time="0.367" /><testcase classname="tests.test_backend.TestAuth" name="test_me_requires_auth" time="0.119" /><testcase classname="tests.test_backend.TestResumes" name="test_create_resume" time="0.107" /><testcase classname="tests.test_backend.TestResumes" name="test_list_resumes" time="0.113" /><testcase classname="tests.test_backend.TestResumes" name="test_get_resume" time="0.122" /><testcase classname="tests.test_backend.TestResumes" name="test_update_resume_persists" time="0.273" /><testcase classname="tests.test_backend.TestResumes" name="test_free_plan_second_resume_blocked" time="0.112" /><testcase classname="tests.test_backend.TestResumes" name="test_free_plan_share_blocked" time="0.127" /><testcase classname="tests.test_backend.TestResumes" name="test_pro_plan_share_allowed" time="0.731" /><testcase classname="tests.test_backend.TestResumes" name="test_pdf_export" time="0.225" /><testcase classname="tests.test_backend.TestATS" name="test_score" time="0.123" /><testcase classname="tests.test_backend.TestATS" name="test_free_ats_limit_enforced" time="0.384" /><testcase classname="tests.test_backend.TestPublicJobs" name="test_list_jobs" time="0.132" /><testcase classname="tests.test_backend.TestPublicJobs" name="test_list_jobs_filters" time="0.109" /><testcase classname="tests.test_backend.TestEmployer" name="test_post_job" time="0.528" /><testcase classname="tests.test_backend.TestEmployer" name="test_jobseeker_cannot_post_job" time="0.113" /><testcase classname="tests.test_backend.TestEmployer" name="test_my_jobs" time="0.108" /><testcase classname="tests.test_backend.TestJobApplication" name="test_free_user_cannot_apply" time="0.226" /><testcase classname="tests.test_backend.TestJobApplication" name="test_pro_user_can_apply" time="0.254" /><testcase classname="tests.test_backend.TestApplicationsTracker" name="test_create_update_delete" time="0.472" /><testcase classname="tests.test_backend.TestPayments" name="test_mock_payment_upgrades_plan" time="0.754" /><testcase classname="tests.test_backend.TestPayments" name="test_invalid_product" time="0.131" /><testcase classname="tests.test_backend.TestAdmin" name="test_stats_requires_admin" time="0.113" /><testcase classname="tests.test_backend.TestAdmin" name="test_stats_admin_ok" time="0.138" /><testcase classname="tests.test_backend.TestAdmin" name="test_users_list" time="0.125" /><testcase classname="tests.test_backend.TestAdmin" name="test_admin_jobs" time="0.133" /><testcase classname="tests.test_backend.TestAdmin" name="test_admin_payments" time="0.110" /><testcase classname="tests.test_backend.TestAdmin" name="test_admin_settings" time="0.194" /><testcase classname="tests.test_backend.TestAdmin" name="test_admin_logs" time="0.246" /><testcase classname="tests.test_backend.TestAdmin" name="test_grant_plan_and_log" time="0.722" /><testcase classname="tests.test_backend.TestAdmin" name="test_admin_verify_and_feature_job" time="0.229" /><testcase classname="tests.test_new_features.TestParseUpload" name="test_requires_auth" time="0.113" /><testcase classname="tests.test_new_features.TestParseUpload" name="test_no_file_returns_422" time="0.115" /><testcase classname="tests.test_new_features.TestParseUpload" name="test_wrong_type_returns_400" time="0.110" /><testcase classname="tests.test_new_features.TestParseUpload" name="test_parse_pdf_success" time="0.141" /><testcase classname="tests.test_new_features.TestParseUpload" name="test_parse_docx_success" time="0.151" /><testcase classname="tests.test_new_features.TestParseUpload" name="test_corrupt_pdf_handled" time="0.129" /><testcase classname="tests.test_new_features.TestParseUpload" name="test_empty_file_handled" time="0.139" /><testcase classname="tests.test_new_features.TestSelfCheck" name="test_full_resume_high_score" time="0.216" /><testcase classname="tests.test_new_features.TestSelfCheck" name="test_empty_resume_low_score" time="0.229" /><testcase classname="tests.test_new_features.TestSelfCheck" name="test_self_check_resume_not_found" time="0.134" /><testcase classname="tests.test_new_features.TestExportTxt" name="test_txt_export" time="0.246" /><testcase classname="tests.test_new_features.TestExportTxt" name="test_txt_export_requires_auth" time="0.231" /><testcase classname="tests.test_new_features.TestExportTxt" name="test_txt_export_404" time="0.115" /><testcase classname="tests.test_new_features.TestPublicSettings" name="test_settings_public" time="0.798" /></testsuite></testsuites>